Interactive Florida Accident Map.obj : error LNK2019: unresolved external symbol "public: __cdecl sf::String::String(char const *,class std::locale const &)" (??0String@sf@@QEAA@PEBDAEBVlocale@std@@@Z) referenced in function main
Interactive Florida Accident Map.obj : error LNK2019: unresolved external symbol "public: static class sf::Vector2<int> __cdecl sf::Mouse::getPosition(class sf::Window const &)" (?getPosition@Mouse@sf@@SA?AV?$Vector2@H@2@AEBVWindow@2@@Z) referenced in function main
Interactive Florida Accident Map.obj : error LNK2019: unresolved external symbol "public: __cdecl sf::VideoMode::VideoMode(unsigned int,unsigned int,unsigned int)" (??0VideoMode@sf@@QEAA@III@Z) referenced in function main
Interactive Florida Accident Map.obj : error LNK2019: unresolved external symbol "public: void __cdecl sf::Window::close(void)" (?close@Window@sf@@QEAAXXZ) referenced in function main
Interactive Florida Accident Map.obj : error LNK2019: unresolved external symbol "public: bool __cdecl sf::Window::isOpen(void)const " (?isOpen@Window@sf@@QEBA_NXZ) referenced in function main
Interactive Florida Accident Map.obj : error LNK2019: unresolved external symbol "public: bool __cdecl sf::Window::pollEvent(class sf::Event &)" (?pollEvent@Window@sf@@QEAA_NAEAVEvent@2@@Z) referenced in function main
Interactive Florida Accident Map.obj : error LNK2019: unresolved external symbol "public: void __cdecl sf::Window::display(void)" (?display@Window@sf@@QEAAXXZ) referenced in function main
Interactive Florida Accident Map.obj : error LNK2019: unresolved external symbol "public: virtual __cdecl sf::Transformable::~Transformable(void)" (??1Transformable@sf@@UEAA@XZ) referenced in function "public: virtual __cdecl sf::Sprite::~Sprite(void)" (??1Sprite@sf@@UEAA@XZ)
Interactive Florida Accident Map.obj : error LNK2019: unresolved external symbol "public: void __cdecl sf::Transformable::setPosition(float,float)" (?setPosition@Transformable@sf@@QEAAXMM@Z) referenced in function "public: __cdecl GraphicalInterface::GraphicalInterface(void)" (??0GraphicalInterface@@QEAA@XZ)
Interactive Florida Accident Map.obj : error LNK2019: unresolved external symbol "public: __cdecl sf::Color::Color(unsigned char,unsigned char,unsigned char,unsigned char)" (??0Color@sf@@QEAA@EEEE@Z) referenced in function main
Interactive Florida Accident Map.obj : error LNK2019: unresolved external symbol "public: void __cdecl sf::RenderTarget::clear(class sf::Color const &)" (?clear@RenderTarget@sf@@QEAAXAEBVColor@2@@Z) referenced in function main
Interactive Florida Accident Map.obj : error LNK2019: unresolved external symbol "public: void __cdecl sf::RenderTarget::draw(class sf::Drawable const &,class sf::RenderStates const &)" (?draw@RenderTarget@sf@@QEAAXAEBVDrawable@2@AEBVRenderStates@2@@Z) referenced in function "public: void __cdecl GraphicalInterface::Draw(class sf::RenderWindow &)" (?Draw@GraphicalInterface@@QEAAXAEAVRenderWindow@sf@@@Z)
Interactive Florida Accident Map.obj : error LNK2019: unresolved external symbol "public: __cdecl sf::RenderWindow::RenderWindow(class sf::VideoMode,class sf::String const &,unsigned int,struct sf::ContextSettings const &)" (??0RenderWindow@sf@@QEAA@VVideoMode@1@AEBVString@1@IAEBUContextSettings@1@@Z) referenced in function main
Interactive Florida Accident Map.obj : error LNK2019: unresolved external symbol "public: virtual __cdecl sf::RenderWindow::~RenderWindow(void)" (??1RenderWindow@sf@@UEAA@XZ) referenced in function main
Interactive Florida Accident Map.obj : error LNK2019: unresolved external symbol "public: __cdecl sf::Sprite::Sprite(void)" (??0Sprite@sf@@QEAA@XZ) referenced in function "public: __cdecl GraphicalInterface::GraphicalInterface(void)" (??0GraphicalInterface@@QEAA@XZ)
Interactive Florida Accident Map.obj : error LNK2019: unresolved external symbol "public: void __cdecl sf::Sprite::setTexture(class sf::Texture const &,bool)" (?setTexture@Sprite@sf@@QEAAXAEBVTexture@2@_N@Z) referenced in function "public: __cdecl GraphicalInterface::GraphicalInterface(void)" (??0GraphicalInterface@@QEAA@XZ)
Interactive Florida Accident Map.obj : error LNK2001: unresolved external symbol "public: static class sf::RenderStates const sf::RenderStates::Default" (?Default@RenderStates@sf@@2V12@B)
TextureManager.obj : error LNK2019: unresolved external symbol "public: __cdecl sf::Texture::Texture(void)" (??0Texture@sf@@QEAA@XZ) referenced in function "public: __cdecl std::pair<class std::basic_string<char,struct std::char_traits<char>,class std::allocator<char> > const ,class sf::Texture>::pair<class std::basic_string<char,struct std::char_traits<char>,class std::allocator<char> > const ,class sf::Texture><class std::tuple<class std::basic_string<char,struct std::char_traits<char>,class std::allocator<char> > const &>,class std::tuple<>,0>(class std::tuple<class std::basic_string<char,struct std::char_traits<char>,class std::allocator<char> > const &> &,class std::tuple<> &,struct std::integer_sequence<unsigned __int64,0>,struct std::integer_sequence<unsigned __int64>)" (??$?0V?$tuple@AEBV?$basic_string@DU?$char_traits@D@std@@V?$allocator@D@2@@std@@@std@@V?$tuple@$$V@1@$0A@$$Z$S@?$pair@$$CBV?$basic_string@DU?$char_traits@D@std@@V?$allocator@D@2@@std@@VTexture@sf@@@std@@QEAA@AEAV?$tuple@AEBV?$basic_string@DU?$char_traits@D@std@@V?$allocator@D@2@@std@@@1@AEAV?$tuple@$$V@1@U?$integer_sequence@_K$0A@@1@U?$integer_sequence@_K$S@1@@Z)
TextureManager.obj : error LNK2019: unresolved external symbol "public: __cdecl sf::Texture::~Texture(void)" (??1Texture@sf@@QEAA@XZ) referenced in function "public: __cdecl std::pair<class std::basic_string<char,struct std::char_traits<char>,class std::allocator<char> > const ,class sf::Texture>::~pair<class std::basic_string<char,struct std::char_traits<char>,class std::allocator<char> > const ,class sf::Texture>(void)" (??1?$pair@$$CBV?$basic_string@DU?$char_traits@D@std@@V?$allocator@D@2@@std@@VTexture@sf@@@std@@QEAA@XZ)
TextureManager.obj : error LNK2019: unresolved external symbol "public: bool __cdecl sf::Texture::loadFromFile(class std::basic_string<char,struct std::char_traits<char>,class std::allocator<char> > const &,class sf::Rect<int> const &)" (?loadFromFile@Texture@sf@@QEAA_NAEBV?$basic_string@DU?$char_traits@D@std@@V?$allocator@D@2@@std@@AEBV?$Rect@H@2@@Z) referenced in function "private: static void __cdecl TextureManager::LoadTexture(class std::basic_string<char,struct std::char_traits<char>,class std::allocator<char> >)" (?LoadTexture@TextureManager@@CAXV?$basic_string@DU?$char_traits@D@std@@V?$allocator@D@2@@std@@@Z)
C:\Users\spenc\Downloads\SFML_unzipped\SFML-2.5.1\lib\sfml-graphics-s-d.lib : warning LNK4272: library machine type 'x86' conflicts with target machine type 'x64'
C:\Users\spenc\Downloads\SFML_unzipped\SFML-2.5.1\lib\sfml-window-s-d.lib : warning LNK4272: library machine type 'x86' conflicts with target machine type 'x64'
C:\Users\spenc\Downloads\SFML_unzipped\SFML-2.5.1\lib\sfml-system-s-d.lib : warning LNK4272: library machine type 'x86' conflicts with target machine type 'x64'
C:\Users\spenc\Downloads\SFML_unzipped\SFML-2.5.1\lib\freetype.lib : warning LNK4272: library machine type 'x86' conflicts with target machine type 'x64'
C:\Users\spenc\source\repos\Project3\Interactive Florida Accident Map\x64\Debug\Interactive Florida Accident Map.exe : fatal error LNK1120: 20 unresolved externals
